# JRE version: OpenJDK Runtime Environment Temurin-21.0.10+7 (21.0.10+7) (build 21.0.10+7-LTS)
# Java VM: OpenJDK 64-Bit Server VM Temurin-21.0.10+7 (21.0.10+7-LTS, mixed mode, sharing, tiered, compressed oops, compressed class ptrs, parallel gc, windows-amd64)
GC Precious Log:
 CardTable entry size: 512
 CPUs: 4 total, 4 available
 Memory: 7835M
 Large Page Support: Disabled
 NUMA Support: Disabled
 Compressed Oops: Enabled (32-bit)
 Alignments: Space 512K, Generation 512K, Heap 2M
 Heap Min Capacity: 100M
 Heap Initial Capacity: 100M
 Heap Max Capacity: 2G
 Pre-touch: Disabled
 Parallel Workers: 4
Heap:
 PSYoungGen      total 5632K, used 3087K [0x00000000d5580000, 0x00000000d5e00000, 0x0000000100000000)
  eden space 5120K, 57% used [0x00000000d5580000,0x00000000d5863d98,0x00000000d5a80000)
  from space 512K, 25% used [0x00000000d5d80000,0x00000000d5da0000,0x00000000d5e00000)
  to   space 512K, 0% used [0x00000000d5d00000,0x00000000d5d00000,0x00000000d5d80000)
 ParOldGen       total 93184K, used 92841K [0x0000000080000000, 0x0000000085b00000, 0x00000000d5580000)
  object space 93184K, 99% used [0x0000000080000000,0x0000000085aaa6a0,0x0000000085b00000)
 Metaspace       used 75157K, committed 76672K, reserved 1179648K
  class space    used 9063K, committed 9728K, reserved 1048576K
GC Heap History (20 events):
Event: 106.867 GC heap before
{Heap before GC invocations=90 (full 3):
 PSYoungGen      total 5632K, used 5312K [0x00000000d5580000, 0x00000000d6000000, 0x0000000100000000)
  eden space 5120K, 100% used [0x00000000d5580000,0x00000000d5a80000,0x00000000d5a80000)
  from space 512K, 37% used [0x00000000d5f80000,0x00000000d5fb0000,0x00000000d6000000)
  to   space 512K, 0% used [0x00000000d5f00000,0x00000000d5f00000,0x00000000d5f80000)
 ParOldGen       total 88576K, used 88275K [0x0000000080000000, 0x0000000085680000, 0x00000000d5580000)
  object space 88576K, 99% used [0x0000000080000000,0x0000000085634ea0,0x0000000085680000)
 Metaspace       used 73457K, committed 74944K, reserved 1179648K
  class space    used 8885K, committed 9536K, reserved 1048576K
}
Event: 106.867 GC heap after
{Heap after GC invocations=90 (full 3):
 PSYoungGen      total 5632K, used 192K [0x00000000d5580000, 0x00000000d6000000, 0x0000000100000000)
  eden space 5120K, 0% used [0x00000000d5580000,0x00000000d5580000,0x00000000d5a80000)
  from space 512K, 37% used [0x00000000d5f00000,0x00000000d5f30000,0x00000000d5f80000)
  to   space 512K, 0% used [0x00000000d5f80000,0x00000000d5f80000,0x00000000d6000000)
 ParOldGen       total 88576K, used 88339K [0x0000000080000000, 0x0000000085680000, 0x00000000d5580000)
  object space 88576K, 99% used [0x0000000080000000,0x0000000085644ea0,0x0000000085680000)
 Metaspace       used 73457K, committed 74944K, reserved 1179648K
  class space    used 8885K, committed 9536K, reserved 1048576K
}
Event: 115.076 GC heap before
{Heap before GC invocations=91 (full 3):
 PSYoungGen      total 5632K, used 5304K [0x00000000d5580000, 0x00000000d6000000, 0x0000000100000000)
  eden space 5120K, 99% used [0x00000000d5580000,0x00000000d5a7e120,0x00000000d5a80000)
  from space 512K, 37% used [0x00000000d5f00000,0x00000000d5f30000,0x00000000d5f80000)
  to   space 512K, 0% used [0x00000000d5f80000,0x00000000d5f80000,0x00000000d6000000)
 ParOldGen       total 88576K, used 88339K [0x0000000080000000, 0x0000000085680000, 0x00000000d5580000)
  object space 88576K, 99% used [0x0000000080000000,0x0000000085644ea0,0x0000000085680000)
 Metaspace       used 73551K, committed 75072K, reserved 1179648K
  class space    used 8895K, committed 9600K, reserved 1048576K
}
Event: 115.078 GC heap after
{Heap after GC invocations=91 (full 3):
 PSYoungGen      total 5632K, used 496K [0x00000000d5580000, 0x00000000d6000000, 0x0000000100000000)
  eden space 5120K, 0% used [0x00000000d5580000,0x00000000d5580000,0x00000000d5a80000)
  from space 512K, 96% used [0x00000000d5f80000,0x00000000d5ffc030,0x00000000d6000000)
  to   space 1536K, 0% used [0x00000000d5d00000,0x00000000d5d00000,0x00000000d5e80000)
 ParOldGen       total 89088K, used 88946K [0x0000000080000000, 0x0000000085700000, 0x00000000d5580000)
  object space 89088K, 99% used [0x0000000080000000,0x00000000856dc800,0x0000000085700000)
 Metaspace       used 73551K, committed 75072K, reserved 1179648K
  class space    used 8895K, committed 9600K, reserved 1048576K
}
Event: 115.176 GC heap before
{Heap before GC invocations=92 (full 3):
 PSYoungGen      total 5632K, used 5616K [0x00000000d5580000, 0x00000000d6000000, 0x0000000100000000)
  eden space 5120K, 100% used [0x00000000d5580000,0x00000000d5a80000,0x00000000d5a80000)
  from space 512K, 96% used [0x00000000d5f80000,0x00000000d5ffc030,0x00000000d6000000)
  to   space 1536K, 0% used [0x00000000d5d00000,0x00000000d5d00000,0x00000000d5e80000)
 ParOldGen       total 89088K, used 88946K [0x0000000080000000, 0x0000000085700000, 0x00000000d5580000)
  object space 89088K, 99% used [0x0000000080000000,0x00000000856dc800,0x0000000085700000)
 Metaspace       used 73709K, committed 75200K, reserved 1179648K
  class space    used 8914K, committed 9600K, reserved 1048576K
}
Event: 115.178 GC heap after
{Heap after GC invocations=92 (full 3):
 PSYoungGen      total 6656K, used 1014K [0x00000000d5580000, 0x00000000d6000000, 0x0000000100000000)
  eden space 5120K, 0% used [0x00000000d5580000,0x00000000d5580000,0x00000000d5a80000)
  from space 1536K, 66% used [0x00000000d5d00000,0x00000000d5dfd810,0x00000000d5e80000)
  to   space 1536K, 0% used [0x00000000d5e80000,0x00000000d5e80000,0x00000000d6000000)
 ParOldGen       total 89600K, used 89370K [0x0000000080000000, 0x0000000085780000, 0x00000000d5580000)
  object space 89600K, 99% used [0x0000000080000000,0x0000000085746840,0x0000000085780000)
 Metaspace       used 73709K, committed 75200K, reserved 1179648K
  class space    used 8914K, committed 9600K, reserved 1048576K
}
Event: 115.337 GC heap before
{Heap before GC invocations=93 (full 3):
 PSYoungGen      total 6656K, used 6133K [0x00000000d5580000, 0x00000000d6000000, 0x0000000100000000)
  eden space 5120K, 99% used [0x00000000d5580000,0x00000000d5a7ffd8,0x00000000d5a80000)
  from space 1536K, 66% used [0x00000000d5d00000,0x00000000d5dfd810,0x00000000d5e80000)
  to   space 1536K, 0% used [0x00000000d5e80000,0x00000000d5e80000,0x00000000d6000000)
 ParOldGen       total 89600K, used 89370K [0x0000000080000000, 0x0000000085780000, 0x00000000d5580000)
  object space 89600K, 99% used [0x0000000080000000,0x0000000085746840,0x0000000085780000)
 Metaspace       used 73807K, committed 75328K, reserved 1179648K
  class space    used 8920K, committed 9600K, reserved 1048576K
}
Event: 115.340 GC heap after
{Heap after GC invocations=93 (full 3):
 PSYoungGen      total 6656K, used 1520K [0x00000000d5580000, 0x00000000d6000000, 0x0000000100000000)
  eden space 5120K, 0% used [0x00000000d5580000,0x00000000d5580000,0x00000000d5a80000)
  from space 1536K, 98% used [0x00000000d5e80000,0x00000000d5ffc020,0x00000000d6000000)
  to   space 2560K, 0% used [0x00000000d5b00000,0x00000000d5b00000,0x00000000d5d80000)
 ParOldGen       total 90624K, used 90146K [0x0000000080000000, 0x0000000085880000, 0x00000000d5580000)
  object space 90624K, 99% used [0x0000000080000000,0x0000000085808840,0x0000000085880000)
 Metaspace       used 73807K, committed 75328K, reserved 1179648K
  class space    used 8920K, committed 9600K, reserved 1048576K
}
Event: 2426.103 GC heap before
{Heap before GC invocations=94 (full 3):
 PSYoungGen      total 6656K, used 6639K [0x00000000d5580000, 0x00000000d6000000, 0x0000000100000000)
  eden space 5120K, 99% used [0x00000000d5580000,0x00000000d5a7fd50,0x00000000d5a80000)
  from space 1536K, 98% used [0x00000000d5e80000,0x00000000d5ffc020,0x00000000d6000000)
  to   space 2560K, 0% used [0x00000000d5b00000,0x00000000d5b00000,0x00000000d5d80000)
 ParOldGen       total 90624K, used 90146K [0x0000000080000000, 0x0000000085880000, 0x00000000d5580000)
  object space 90624K, 99% used [0x0000000080000000,0x0000000085808840,0x0000000085880000)
 Metaspace       used 73991K, committed 75456K, reserved 1179648K
  class space    used 8942K, committed 9600K, reserved 1048576K
}
Event: 2426.152 GC heap after
{Heap after GC invocations=94 (full 3):
 PSYoungGen      total 7680K, used 816K [0x00000000d5580000, 0x00000000d5f00000, 0x0000000100000000)
  eden space 5120K, 0% used [0x00000000d5580000,0x00000000d5580000,0x00000000d5a80000)
  from space 2560K, 31% used [0x00000000d5b00000,0x00000000d5bcc010,0x00000000d5d80000)
  to   space 1536K, 0% used [0x00000000d5d80000,0x00000000d5d80000,0x00000000d5f00000)
 ParOldGen       total 92160K, used 91688K [0x0000000080000000, 0x0000000085a00000, 0x00000000d5580000)
  object space 92160K, 99% used [0x0000000080000000,0x000000008598a070,0x0000000085a00000)
 Metaspace       used 73991K, committed 75456K, reserved 1179648K
  class space    used 8942K, committed 9600K, reserved 1048576K
}
Event: 2426.944 GC heap before
{Heap before GC invocations=95 (full 3):
 PSYoungGen      total 7680K, used 5933K [0x00000000d5580000, 0x00000000d5f00000, 0x0000000100000000)
  eden space 5120K, 99% used [0x00000000d5580000,0x00000000d5a7f690,0x00000000d5a80000)
  from space 2560K, 31% used [0x00000000d5b00000,0x00000000d5bcc010,0x00000000d5d80000)
  to   space 1536K, 0% used [0x00000000d5d80000,0x00000000d5d80000,0x00000000d5f00000)
 ParOldGen       total 92160K, used 91688K [0x0000000080000000, 0x0000000085a00000, 0x00000000d5580000)
  object space 92160K, 99% used [0x0000000080000000,0x000000008598a070,0x0000000085a00000)
 Metaspace       used 74626K, committed 76160K, reserved 1179648K
  class space    used 9025K, committed 9728K, reserved 1048576K
}
Event: 2426.952 GC heap after
{Heap after GC invocations=95 (full 3):
 PSYoungGen      total 5632K, used 256K [0x00000000d5580000, 0x00000000d5e00000, 0x0000000100000000)
  eden space 5120K, 0% used [0x00000000d5580000,0x00000000d5580000,0x00000000d5a80000)
  from space 512K, 50% used [0x00000000d5d80000,0x00000000d5dc0000,0x00000000d5e00000)
  to   space 1024K, 0% used [0x00000000d5c00000,0x00000000d5c00000,0x00000000d5d00000)
 ParOldGen       total 92672K, used 92408K [0x0000000080000000, 0x0000000085a80000, 0x00000000d5580000)
  object space 92672K, 99% used [0x0000000080000000,0x0000000085a3e080,0x0000000085a80000)
 Metaspace       used 74626K, committed 76160K, reserved 1179648K
  class space    used 9025K, committed 9728K, reserved 1048576K
}
Event: 5863.993 GC heap before
{Heap before GC invocations=96 (full 3):
 PSYoungGen      total 5632K, used 5376K [0x00000000d5580000, 0x00000000d5e00000, 0x0000000100000000)
  eden space 5120K, 100% used [0x00000000d5580000,0x00000000d5a80000,0x00000000d5a80000)
  from space 512K, 50% used [0x00000000d5d80000,0x00000000d5dc0000,0x00000000d5e00000)
  to   space 1024K, 0% used [0x00000000d5c00000,0x00000000d5c00000,0x00000000d5d00000)
 ParOldGen       total 92672K, used 92408K [0x0000000080000000, 0x0000000085a80000, 0x00000000d5580000)
  object space 92672K, 99% used [0x0000000080000000,0x0000000085a3e080,0x0000000085a80000)
 Metaspace       used 75049K, committed 76608K, reserved 1179648K
  class space    used 9063K, committed 9728K, reserved 1048576K
}
Event: 5864.172 GC heap after
{Heap after GC invocations=96 (full 3):
 PSYoungGen      total 6144K, used 256K [0x00000000d5580000, 0x00000000d5e00000, 0x0000000100000000)
  eden space 5120K, 0% used [0x00000000d5580000,0x00000000d5580000,0x00000000d5a80000)
  from space 1024K, 25% used [0x00000000d5c00000,0x00000000d5c40000,0x00000000d5d00000)
  to   space 512K, 0% used [0x00000000d5d80000,0x00000000d5d80000,0x00000000d5e00000)
 ParOldGen       total 92672K, used 92577K [0x0000000080000000, 0x0000000085a80000, 0x00000000d5580000)
  object space 92672K, 99% used [0x0000000080000000,0x0000000085a686a0,0x0000000085a80000)
 Metaspace       used 75049K, committed 76608K, reserved 1179648K
  class space    used 9063K, committed 9728K, reserved 1048576K
}
Event: 13306.382 GC heap before
{Heap before GC invocations=97 (full 3):
 PSYoungGen      total 6144K, used 5376K [0x00000000d5580000, 0x00000000d5e00000, 0x0000000100000000)
  eden space 5120K, 100% used [0x00000000d5580000,0x00000000d5a80000,0x00000000d5a80000)
  from space 1024K, 25% used [0x00000000d5c00000,0x00000000d5c40000,0x00000000d5d00000)
  to   space 512K, 0% used [0x00000000d5d80000,0x00000000d5d80000,0x00000000d5e00000)
 ParOldGen       total 92672K, used 92577K [0x0000000080000000, 0x0000000085a80000, 0x00000000d5580000)
  object space 92672K, 99% used [0x0000000080000000,0x0000000085a686a0,0x0000000085a80000)
 Metaspace       used 75123K, committed 76608K, reserved 1179648K
  class space    used 9063K, committed 9728K, reserved 1048576K
}
Event: 13306.454 GC heap after
{Heap after GC invocations=97 (full 3):
 PSYoungGen      total 5632K, used 96K [0x00000000d5580000, 0x00000000d5e00000, 0x0000000100000000)
  eden space 5120K, 0% used [0x00000000d5580000,0x00000000d5580000,0x00000000d5a80000)
  from space 512K, 18% used [0x00000000d5d80000,0x00000000d5d98000,0x00000000d5e00000)
  to   space 512K, 0% used [0x00000000d5d00000,0x00000000d5d00000,0x00000000d5d80000)
 ParOldGen       total 93184K, used 92793K [0x0000000080000000, 0x0000000085b00000, 0x00000000d5580000)
  object space 93184K, 99% used [0x0000000080000000,0x0000000085a9e6a0,0x0000000085b00000)
 Metaspace       used 75123K, committed 76608K, reserved 1179648K
  class space    used 9063K, committed 9728K, reserved 1048576K
}
Event: 14703.113 GC heap before
{Heap before GC invocations=98 (full 3):
 PSYoungGen      total 5632K, used 5216K [0x00000000d5580000, 0x00000000d5e00000, 0x0000000100000000)
  eden space 5120K, 100% used [0x00000000d5580000,0x00000000d5a80000,0x00000000d5a80000)
  from space 512K, 18% used [0x00000000d5d80000,0x00000000d5d98000,0x00000000d5e00000)
  to   space 512K, 0% used [0x00000000d5d00000,0x00000000d5d00000,0x00000000d5d80000)
 ParOldGen       total 93184K, used 92793K [0x0000000080000000, 0x0000000085b00000, 0x00000000d5580000)
  object space 93184K, 99% used [0x0000000080000000,0x0000000085a9e6a0,0x0000000085b00000)
 Metaspace       used 75131K, committed 76672K, reserved 1179648K
  class space    used 9063K, committed 9728K, reserved 1048576K
}
Event: 14703.165 GC heap after
{Heap after GC invocations=98 (full 3):
 PSYoungGen      total 5632K, used 128K [0x00000000d5580000, 0x00000000d5e00000, 0x0000000100000000)
  eden space 5120K, 0% used [0x00000000d5580000,0x00000000d5580000,0x00000000d5a80000)
  from space 512K, 25% used [0x00000000d5d00000,0x00000000d5d20000,0x00000000d5d80000)
  to   space 512K, 0% used [0x00000000d5d80000,0x00000000d5d80000,0x00000000d5e00000)
 ParOldGen       total 93184K, used 92817K [0x0000000080000000, 0x0000000085b00000, 0x00000000d5580000)
  object space 93184K, 99% used [0x0000000080000000,0x0000000085aa46a0,0x0000000085b00000)
 Metaspace       used 75131K, committed 76672K, reserved 1179648K
  class space    used 9063K, committed 9728K, reserved 1048576K
}
Event: 15091.358 GC heap before
{Heap before GC invocations=99 (full 3):
 PSYoungGen      total 5632K, used 5248K [0x00000000d5580000, 0x00000000d5e00000, 0x0000000100000000)
  eden space 5120K, 100% used [0x00000000d5580000,0x00000000d5a80000,0x00000000d5a80000)
  from space 512K, 25% used [0x00000000d5d00000,0x00000000d5d20000,0x00000000d5d80000)
  to   space 512K, 0% used [0x00000000d5d80000,0x00000000d5d80000,0x00000000d5e00000)
 ParOldGen       total 93184K, used 92817K [0x0000000080000000, 0x0000000085b00000, 0x00000000d5580000)
  object space 93184K, 99% used [0x0000000080000000,0x0000000085aa46a0,0x0000000085b00000)
 Metaspace       used 75147K, committed 76672K, reserved 1179648K
  class space    used 9063K, committed 9728K, reserved 1048576K
}
Event: 15091.412 GC heap after
{Heap after GC invocations=99 (full 3):
 PSYoungGen      total 5632K, used 128K [0x00000000d5580000, 0x00000000d5e00000, 0x0000000100000000)
  eden space 5120K, 0% used [0x00000000d5580000,0x00000000d5580000,0x00000000d5a80000)
  from space 512K, 25% used [0x00000000d5d80000,0x00000000d5da0000,0x00000000d5e00000)
  to   space 512K, 0% used [0x00000000d5d00000,0x00000000d5d00000,0x00000000d5d80000)
 ParOldGen       total 93184K, used 92841K [0x0000000080000000, 0x0000000085b00000, 0x00000000d5580000)
  object space 93184K, 99% used [0x0000000080000000,0x0000000085aaa6a0,0x0000000085b00000)
 Metaspace       used 75147K, committed 76672K, reserved 1179648K
  class space    used 9063K, committed 9728K, reserved 1048576K
}

