# JRE version: OpenJDK Runtime Environment (21.0.8) (build 21.0.8+-14196175-b1038.72)
# Java VM: OpenJDK 64-Bit Server VM (21.0.8+-14196175-b1038.72, mixed mode, tiered, compressed oops, compressed class ptrs, g1 gc, windows-amd64)
GC Precious Log:
 CardTable entry size: 512
 Card Set container configuration: InlinePtr #cards 4 size 8 Array Of Cards #cards 16 size 48 Howl #buckets 8 coarsen threshold 3686 Howl Bitmap #cards 512 size 80 coarsen threshold 460 Card regions per heap region 1 cards per card region 4096
 CPUs: 4 total, 4 available
 Memory: 7835M
 Large Page Support: Disabled
 NUMA Support: Disabled
 Compressed Oops: Enabled (Zero based)
 Heap Region Size: 2M
 Heap Min Capacity: 8M
 Heap Initial Capacity: 124M
 Heap Max Capacity: 3G
 Pre-touch: Disabled
 Parallel Workers: 4
 Concurrent Workers: 1
 Concurrent Refinement Workers: 4
 Periodic GC: Disabled
Heap:
 garbage-first heap   total 81920K, used 41436K [0x0000000740000000, 0x0000000800000000)
  region size 2048K, 9 young (18432K), 3 survivors (6144K)
 Metaspace       used 49023K, committed 50304K, reserved 1114112K
  class space    used 6776K, committed 7424K, reserved 1048576K
GC Heap History (18 events):
Event: 0.646 GC heap before
{Heap before GC invocations=0 (full 0):
 garbage-first heap   total 126976K, used 12288K [0x0000000740000000, 0x0000000800000000)
  region size 2048K, 6 young (12288K), 0 survivors (0K)
 Metaspace       used 7526K, committed 7680K, reserved 1114112K
  class space    used 704K, committed 768K, reserved 1048576K
}
Event: 0.654 GC heap after
{Heap after GC invocations=1 (full 0):
 garbage-first heap   total 126976K, used 1179K [0x0000000740000000, 0x0000000800000000)
  region size 2048K, 1 young (2048K), 1 survivors (2048K)
 Metaspace       used 7526K, committed 7680K, reserved 1114112K
  class space    used 704K, committed 768K, reserved 1048576K
}
Event: 1.754 GC heap before
{Heap before GC invocations=1 (full 0):
 garbage-first heap   total 126976K, used 23707K [0x0000000740000000, 0x0000000800000000)
  region size 2048K, 11 young (22528K), 1 survivors (2048K)
 Metaspace       used 9770K, committed 9920K, reserved 1114112K
  class space    used 955K, committed 1024K, reserved 1048576K
}
Event: 1.759 GC heap after
{Heap after GC invocations=2 (full 0):
 garbage-first heap   total 126976K, used 10304K [0x0000000740000000, 0x0000000800000000)
  region size 2048K, 2 young (4096K), 2 survivors (4096K)
 Metaspace       used 9770K, committed 9920K, reserved 1114112K
  class space    used 955K, committed 1024K, reserved 1048576K
}
Event: 4.614 GC heap before
{Heap before GC invocations=2 (full 0):
 garbage-first heap   total 126976K, used 79936K [0x0000000740000000, 0x0000000800000000)
  region size 2048K, 37 young (75776K), 2 survivors (4096K)
 Metaspace       used 12741K, committed 12928K, reserved 1114112K
  class space    used 1405K, committed 1472K, reserved 1048576K
}
Event: 4.624 GC heap after
{Heap after GC invocations=3 (full 0):
 garbage-first heap   total 126976K, used 16448K [0x0000000740000000, 0x0000000800000000)
  region size 2048K, 5 young (10240K), 5 survivors (10240K)
 Metaspace       used 12741K, committed 12928K, reserved 1114112K
  class space    used 1405K, committed 1472K, reserved 1048576K
}
Event: 7.388 GC heap before
{Heap before GC invocations=3 (full 0):
 garbage-first heap   total 126976K, used 49216K [0x0000000740000000, 0x0000000800000000)
  region size 2048K, 22 young (45056K), 5 survivors (10240K)
 Metaspace       used 21221K, committed 21504K, reserved 1114112K
  class space    used 2560K, committed 2688K, reserved 1048576K
}
Event: 7.400 GC heap after
{Heap after GC invocations=4 (full 0):
 garbage-first heap   total 126976K, used 20781K [0x0000000740000000, 0x0000000800000000)
  region size 2048K, 3 young (6144K), 3 survivors (6144K)
 Metaspace       used 21221K, committed 21504K, reserved 1114112K
  class space    used 2560K, committed 2688K, reserved 1048576K
}
Event: 10.224 GC heap before
{Heap before GC invocations=5 (full 0):
 garbage-first heap   total 81920K, used 63789K [0x0000000740000000, 0x0000000800000000)
  region size 2048K, 24 young (49152K), 3 survivors (6144K)
 Metaspace       used 28118K, committed 28672K, reserved 1114112K
  class space    used 3640K, committed 3904K, reserved 1048576K
}
Event: 10.231 GC heap after
{Heap after GC invocations=6 (full 0):
 garbage-first heap   total 81920K, used 23068K [0x0000000740000000, 0x0000000800000000)
  region size 2048K, 2 young (4096K), 2 survivors (4096K)
 Metaspace       used 28118K, committed 28672K, reserved 1114112K
  class space    used 3640K, committed 3904K, reserved 1048576K
}
Event: 12.205 GC heap before
{Heap before GC invocations=6 (full 0):
 garbage-first heap   total 81920K, used 64028K [0x0000000740000000, 0x0000000800000000)
  region size 2048K, 23 young (47104K), 2 survivors (4096K)
 Metaspace       used 34530K, committed 35264K, reserved 1114112K
  class space    used 4571K, committed 4928K, reserved 1048576K
}
Event: 12.210 GC heap after
{Heap after GC invocations=7 (full 0):
 garbage-first heap   total 81920K, used 25957K [0x0000000740000000, 0x0000000800000000)
  region size 2048K, 3 young (6144K), 3 survivors (6144K)
 Metaspace       used 34530K, committed 35264K, reserved 1114112K
  class space    used 4571K, committed 4928K, reserved 1048576K
}
Event: 12.454 GC heap before
{Heap before GC invocations=7 (full 0):
 garbage-first heap   total 81920K, used 30053K [0x0000000740000000, 0x0000000800000000)
  region size 2048K, 6 young (12288K), 3 survivors (6144K)
 Metaspace       used 35197K, committed 35968K, reserved 1114112K
  class space    used 4696K, committed 5056K, reserved 1048576K
}
Event: 12.460 GC heap after
{Heap after GC invocations=8 (full 0):
 garbage-first heap   total 81920K, used 26121K [0x0000000740000000, 0x0000000800000000)
  region size 2048K, 2 young (4096K), 2 survivors (4096K)
 Metaspace       used 35197K, committed 35968K, reserved 1114112K
  class space    used 4696K, committed 5056K, reserved 1048576K
}
Event: 13.876 GC heap before
{Heap before GC invocations=9 (full 0):
 garbage-first heap   total 81920K, used 69129K [0x0000000740000000, 0x0000000800000000)
  region size 2048K, 23 young (47104K), 2 survivors (4096K)
 Metaspace       used 41008K, committed 42048K, reserved 1114112K
  class space    used 5655K, committed 6144K, reserved 1048576K
}
Event: 13.882 GC heap after
{Heap after GC invocations=10 (full 0):
 garbage-first heap   total 81920K, used 28028K [0x0000000740000000, 0x0000000800000000)
  region size 2048K, 3 young (6144K), 3 survivors (6144K)
 Metaspace       used 41008K, committed 42048K, reserved 1114112K
  class space    used 5655K, committed 6144K, reserved 1048576K
}
Event: 16.094 GC heap before
{Heap before GC invocations=10 (full 0):
 garbage-first heap   total 81920K, used 66940K [0x0000000740000000, 0x0000000800000000)
  region size 2048K, 23 young (47104K), 3 survivors (6144K)
 Metaspace       used 48006K, committed 49216K, reserved 1114112K
  class space    used 6605K, committed 7168K, reserved 1048576K
}
Event: 16.109 GC heap after
{Heap after GC invocations=11 (full 0):
 garbage-first heap   total 81920K, used 31196K [0x0000000740000000, 0x0000000800000000)
  region size 2048K, 3 young (6144K), 3 survivors (6144K)
 Metaspace       used 48006K, committed 49216K, reserved 1114112K
  class space    used 6605K, committed 7168K, reserved 1048576K
}

